<?xml version="1.0" encoding="UTF-8"?>
<testsuite name="com.kingshuk.json.JsonAndJavaTestWithGson" tests="1" skipped="0" failures="0" errors="0" timestamp="2019-01-19T04:57:31" hostname="Kingshuks-MacBook-Pro.local" time="0.051">
  <properties/>
  <testcase name="checkGsonAndJsonTest" classname="com.kingshuk.json.JsonAndJavaTestWithGson" time="0.051"/>
  <system-out><![CDATA[{"employeeId":"232649","employeeName":"Kingshuk Mukherjee"}
]]></system-out>
  <system-err><![CDATA[]]></system-err>
</testsuite>
